2023-10-24T12:40:56,780 [main] INFO  (JsonTestDataHelper.java:29) - JsonTestDataHelper created
2023-10-24T12:40:56,794 [main] INFO  (JsonTestDataHelper.java:37) - filePath: resources/testdata/product/product.json
2023-10-24T12:40:56,857 [main] INFO  (JsonTestDataHelper.java:40) - geTestData: [Product{name='MacBook Pro', price='1100'}]
2023-10-24T12:41:03,427 [main] INFO  (BaseTest.java:52) - Navigate to https://www.demoblaze.com/
2023-10-24T12:41:13,486 [main] INFO  (BaseTest.java:82) - Closing the driver
2023-10-24T12:41:13,490 [main] INFO  (JsonTestDataHelper.java:37) - filePath: resources/testdata/form/form.json
2023-10-24T12:41:13,559 [main] INFO  (JsonTestDataHelper.java:40) - geTestData: [Form{name='Juan Sergio', country='Bolivia', city='La Paz', card='123456789', month='Mayo', year='2023'}]
2023-10-24T12:41:18,325 [main] INFO  (BaseTest.java:52) - Navigate to https://www.demoblaze.com/
2023-10-24T12:41:23,815 [main] INFO  (BaseTest.java:82) - Closing the driver
2023-10-24T12:41:59,371 [main] INFO  (JsonTestDataHelper.java:29) - JsonTestDataHelper created
2023-10-24T12:41:59,379 [main] INFO  (JsonTestDataHelper.java:37) - filePath: resources/testdata/product/product.json
2023-10-24T12:41:59,435 [main] INFO  (JsonTestDataHelper.java:40) - geTestData: [Product{name='MacBook Pro', price='1100'}]
2023-10-24T12:42:05,825 [main] INFO  (BaseTest.java:52) - Navigate to https://www.demoblaze.com/
2023-10-24T12:42:17,675 [main] INFO  (BaseTest.java:82) - Closing the driver
2023-10-24T12:42:17,678 [main] INFO  (JsonTestDataHelper.java:37) - filePath: resources/testdata/form/form.json
2023-10-24T12:42:17,700 [main] INFO  (JsonTestDataHelper.java:40) - geTestData: [Form{name='Juan Sergio', country='Bolivia', city='La Paz', card='123456789', month='Mayo', year='2023'}]
2023-10-24T12:42:22,224 [main] INFO  (BaseTest.java:52) - Navigate to https://www.demoblaze.com/
2023-10-24T12:42:27,218 [main] INFO  (BaseTest.java:82) - Closing the driver
2023-10-24T12:43:44,622 [main] INFO  (JsonTestDataHelper.java:29) - JsonTestDataHelper created
2023-10-24T12:43:44,630 [main] INFO  (JsonTestDataHelper.java:37) - filePath: resources/testdata/product/product.json
2023-10-24T12:43:44,692 [main] INFO  (JsonTestDataHelper.java:40) - geTestData: [Product{name='MacBook Pro', price='1100'}]
2023-10-24T12:43:50,998 [main] INFO  (BaseTest.java:52) - Navigate to https://www.demoblaze.com/
2023-10-24T12:43:56,005 [main] INFO  (BaseTest.java:82) - Closing the driver
2023-10-24T12:43:56,007 [main] INFO  (JsonTestDataHelper.java:37) - filePath: resources/testdata/form/form.json
2023-10-24T12:43:56,027 [main] INFO  (JsonTestDataHelper.java:40) - geTestData: [Form{name='Juan Sergio', country='Bolivia', city='La Paz', card='123456789', month='Mayo', year='2023'}]
2023-10-24T12:44:01,346 [main] INFO  (BaseTest.java:52) - Navigate to https://www.demoblaze.com/
2023-10-24T12:44:04,979 [main] INFO  (BaseTest.java:82) - Closing the driver
2023-10-24T12:45:33,312 [main] INFO  (JsonTestDataHelper.java:29) - JsonTestDataHelper created
2023-10-24T12:45:33,325 [main] INFO  (JsonTestDataHelper.java:37) - filePath: resources/testdata/product/product.json
2023-10-24T12:45:33,386 [main] INFO  (JsonTestDataHelper.java:40) - geTestData: [Product{name='MacBook Pro', price='1100'}]
2023-10-24T12:45:38,529 [main] INFO  (BaseTest.java:52) - Navigate to https://www.demoblaze.com/
2023-10-24T12:45:47,956 [main] INFO  (BaseTest.java:82) - Closing the driver
2023-10-24T12:45:47,958 [main] INFO  (JsonTestDataHelper.java:37) - filePath: resources/testdata/form/form.json
2023-10-24T12:45:47,982 [main] INFO  (JsonTestDataHelper.java:40) - geTestData: [Form{name='Juan Sergio', country='Bolivia', city='La Paz', card='123456789', month='Mayo', year='2023'}]
2023-10-24T12:45:52,682 [main] INFO  (BaseTest.java:52) - Navigate to https://www.demoblaze.com/
2023-10-24T12:46:00,808 [main] INFO  (BaseTest.java:82) - Closing the driver
2023-10-24T12:46:17,344 [main] INFO  (JsonTestDataHelper.java:29) - JsonTestDataHelper created
2023-10-24T12:46:17,352 [main] INFO  (JsonTestDataHelper.java:37) - filePath: resources/testdata/product/product.json
2023-10-24T12:46:17,414 [main] INFO  (JsonTestDataHelper.java:40) - geTestData: [Product{name='MacBook Pro', price='1100'}]
2023-10-24T12:46:20,642 [main] INFO  (BaseTest.java:52) - Navigate to https://www.demoblaze.com/
2023-10-24T12:46:28,839 [main] INFO  (BaseTest.java:82) - Closing the driver
2023-10-24T12:46:28,842 [main] INFO  (JsonTestDataHelper.java:37) - filePath: resources/testdata/form/form.json
2023-10-24T12:46:28,865 [main] INFO  (JsonTestDataHelper.java:40) - geTestData: [Form{name='Juan Sergio', country='Bolivia', city='La Paz', card='123456789', month='Mayo', year='2023'}]
2023-10-24T12:46:31,120 [main] INFO  (BaseTest.java:52) - Navigate to https://www.demoblaze.com/
2023-10-24T12:46:38,547 [main] INFO  (BaseTest.java:82) - Closing the driver
