2023-10-22T15:46:31,845 [main] INFO  (JsonTestDataHelper.java:29) - JsonTestDataHelper created
2023-10-22T15:46:31,855 [main] INFO  (JsonTestDataHelper.java:37) - filePath: resources/testdata/form/form.json
2023-10-22T15:50:41,944 [main] INFO  (JsonTestDataHelper.java:29) - JsonTestDataHelper created
2023-10-22T15:50:41,954 [main] INFO  (JsonTestDataHelper.java:37) - filePath: resources/testdata/form/form.json
2023-10-22T15:50:42,044 [main] INFO  (JsonTestDataHelper.java:40) - geTestData: [Form{name='Juan Sergio', country='Bolivia', city='La Paz', card='123456789', month='Mayo', year='2023'}]
2023-10-22T15:52:40,775 [main] INFO  (JsonTestDataHelper.java:29) - JsonTestDataHelper created
2023-10-22T15:52:40,785 [main] INFO  (JsonTestDataHelper.java:37) - filePath: resources/testdata/form/form.json
2023-10-22T15:52:40,868 [main] INFO  (JsonTestDataHelper.java:40) - geTestData: [Form{name='Juan Sergio', country='Bolivia', city='La Paz', card='123456789', month='Mayo', year='2023'}]
2023-10-22T15:57:38,918 [main] INFO  (JsonTestDataHelper.java:29) - JsonTestDataHelper created
2023-10-22T15:57:38,927 [main] INFO  (JsonTestDataHelper.java:37) - filePath: resources/testdata/form/form.json
2023-10-22T15:57:39,001 [main] INFO  (JsonTestDataHelper.java:40) - geTestData: [Form{name='Juan Sergio', country='Bolivia', city='La Paz', card='123456789', month='Mayo', year='2023'}]
2023-10-22T16:01:32,145 [main] INFO  (JsonTestDataHelper.java:29) - JsonTestDataHelper created
2023-10-22T16:01:32,155 [main] INFO  (JsonTestDataHelper.java:37) - filePath: resources/testdata/form/form.json
2023-10-22T16:01:32,246 [main] INFO  (JsonTestDataHelper.java:40) - geTestData: [Form{name='Juan Sergio', country='Bolivia', city='La Paz', card='123456789', month='Mayo', year='2023'}]
2023-10-22T16:01:35,297 [main] INFO  (BaseTest.java:52) - Navigate to https://www.demoblaze.com/
2023-10-22T16:01:39,442 [main] INFO  (BaseTest.java:82) - Closing the driver
2023-10-22T16:01:53,902 [main] INFO  (JsonTestDataHelper.java:29) - JsonTestDataHelper created
2023-10-22T16:01:53,912 [main] INFO  (JsonTestDataHelper.java:37) - filePath: resources/testdata/form/form.json
2023-10-22T16:01:53,996 [main] INFO  (JsonTestDataHelper.java:40) - geTestData: [Form{name='Juan Sergio', country='Bolivia', city='La Paz', card='123456789', month='Mayo', year='2023'}]
2023-10-22T16:01:57,067 [main] INFO  (BaseTest.java:52) - Navigate to https://www.demoblaze.com/
2023-10-22T16:02:01,737 [main] INFO  (BaseTest.java:82) - Closing the driver
2023-10-22T16:10:43,007 [main] INFO  (JsonTestDataHelper.java:29) - JsonTestDataHelper created
2023-10-22T16:10:43,020 [main] INFO  (JsonTestDataHelper.java:37) - filePath: resources/testdata/product/product.json
2023-10-22T16:10:43,082 [main] INFO  (JsonTestDataHelper.java:40) - geTestData: [Product{name='MacBook Pro', price='1100'}]
2023-10-22T16:10:46,124 [main] INFO  (BaseTest.java:52) - Navigate to https://www.demoblaze.com/
2023-10-22T16:10:59,728 [main] INFO  (BaseTest.java:82) - Closing the driver
2023-10-22T16:13:24,940 [main] INFO  (JsonTestDataHelper.java:29) - JsonTestDataHelper created
2023-10-22T16:13:24,952 [main] INFO  (JsonTestDataHelper.java:37) - filePath: resources/testdata/product/product.json
2023-10-22T16:13:25,025 [main] INFO  (JsonTestDataHelper.java:40) - geTestData: [Product{name='MacBook Pro', price='1100'}]
2023-10-22T16:13:28,727 [main] INFO  (BaseTest.java:52) - Navigate to https://www.demoblaze.com/
2023-10-22T16:13:33,116 [main] INFO  (BaseTest.java:82) - Closing the driver
2023-10-22T16:13:56,977 [main] INFO  (JsonTestDataHelper.java:29) - JsonTestDataHelper created
2023-10-22T16:13:56,987 [main] INFO  (JsonTestDataHelper.java:37) - filePath: resources/testdata/product/product.json
2023-10-22T16:13:57,059 [main] INFO  (JsonTestDataHelper.java:40) - geTestData: [Product{name='MacBook Pro', price='1100'}]
2023-10-22T16:13:59,923 [main] INFO  (BaseTest.java:52) - Navigate to https://www.demoblaze.com/
2023-10-22T16:14:03,909 [main] INFO  (BaseTest.java:82) - Closing the driver
2023-10-22T16:14:03,913 [main] INFO  (JsonTestDataHelper.java:37) - filePath: resources/testdata/form/form.json
2023-10-22T16:14:03,960 [main] INFO  (JsonTestDataHelper.java:40) - geTestData: [Form{name='Juan Sergio', country='Bolivia', city='La Paz', card='123456789', month='Mayo', year='2023'}]
2023-10-22T16:14:06,156 [main] INFO  (BaseTest.java:52) - Navigate to https://www.demoblaze.com/
2023-10-22T16:14:17,957 [main] INFO  (BaseTest.java:82) - Closing the driver
2023-10-22T16:15:08,336 [main] INFO  (JsonTestDataHelper.java:29) - JsonTestDataHelper created
2023-10-22T16:15:08,351 [main] INFO  (JsonTestDataHelper.java:37) - filePath: resources/testdata/form/form.json
2023-10-22T16:15:08,461 [main] INFO  (JsonTestDataHelper.java:40) - geTestData: [Form{name='Juan Sergio', country='Bolivia', city='La Paz', card='123456789', month='Mayo', year='2023'}]
2023-10-22T16:15:11,543 [main] INFO  (BaseTest.java:52) - Navigate to https://www.demoblaze.com/
2023-10-22T16:15:15,383 [main] INFO  (BaseTest.java:82) - Closing the driver
2023-10-22T16:17:59,959 [main] INFO  (JsonTestDataHelper.java:29) - JsonTestDataHelper created
2023-10-22T16:17:59,968 [main] INFO  (JsonTestDataHelper.java:37) - filePath: resources/testdata/form/form.json
2023-10-22T16:18:00,066 [main] INFO  (JsonTestDataHelper.java:40) - geTestData: [Form{name='Juan Sergio', country='Bolivia', city='La Paz', card='123456789', month='Mayo', year='2023'}]
2023-10-22T16:18:03,327 [main] INFO  (BaseTest.java:52) - Navigate to https://www.demoblaze.com/
2023-10-22T16:18:07,794 [main] INFO  (BaseTest.java:82) - Closing the driver
2023-10-22T16:18:18,176 [main] INFO  (JsonTestDataHelper.java:29) - JsonTestDataHelper created
2023-10-22T16:18:18,187 [main] INFO  (JsonTestDataHelper.java:37) - filePath: resources/testdata/product/product.json
2023-10-22T16:18:18,260 [main] INFO  (JsonTestDataHelper.java:40) - geTestData: [Product{name='MacBook Pro', price='1100'}]
2023-10-22T16:18:21,743 [main] INFO  (BaseTest.java:52) - Navigate to https://www.demoblaze.com/
2023-10-22T16:18:25,875 [main] INFO  (BaseTest.java:82) - Closing the driver
2023-10-22T16:18:25,878 [main] INFO  (JsonTestDataHelper.java:37) - filePath: resources/testdata/form/form.json
2023-10-22T16:18:25,903 [main] INFO  (JsonTestDataHelper.java:40) - geTestData: [Form{name='Juan Sergio', country='Bolivia', city='La Paz', card='123456789', month='Mayo', year='2023'}]
2023-10-22T16:18:28,122 [main] INFO  (BaseTest.java:52) - Navigate to https://www.demoblaze.com/
2023-10-22T16:18:32,537 [main] INFO  (BaseTest.java:82) - Closing the driver
2023-10-22T16:21:26,999 [main] INFO  (JsonTestDataHelper.java:29) - JsonTestDataHelper created
2023-10-22T16:21:27,011 [main] INFO  (JsonTestDataHelper.java:37) - filePath: resources/testdata/product/product.json
2023-10-22T16:21:27,075 [main] INFO  (JsonTestDataHelper.java:40) - geTestData: [Product{name='MacBook Pro', price='1100'}]
2023-10-22T16:21:30,377 [main] INFO  (BaseTest.java:52) - Navigate to https://www.demoblaze.com/
2023-10-22T16:21:34,556 [main] INFO  (BaseTest.java:82) - Closing the driver
2023-10-22T16:23:00,890 [main] INFO  (JsonTestDataHelper.java:29) - JsonTestDataHelper created
2023-10-22T16:23:00,900 [main] INFO  (JsonTestDataHelper.java:37) - filePath: resources/testdata/product/product.json
2023-10-22T16:23:00,967 [main] INFO  (JsonTestDataHelper.java:40) - geTestData: [Product{name='MacBook Pro', price='1100'}]
2023-10-22T16:23:03,761 [main] INFO  (BaseTest.java:52) - Navigate to https://www.demoblaze.com/
2023-10-22T16:23:07,718 [main] INFO  (BaseTest.java:82) - Closing the driver
2023-10-22T16:29:37,856 [main] INFO  (JsonTestDataHelper.java:29) - JsonTestDataHelper created
2023-10-22T16:29:37,868 [main] INFO  (JsonTestDataHelper.java:37) - filePath: resources/testdata/product/product.json
2023-10-22T16:29:37,934 [main] INFO  (JsonTestDataHelper.java:40) - geTestData: [Product{name='MacBook Pro', price='1100'}]
2023-10-22T16:29:40,881 [main] INFO  (BaseTest.java:52) - Navigate to https://www.demoblaze.com/
2023-10-22T16:29:45,457 [main] INFO  (BaseTest.java:82) - Closing the driver
2023-10-22T16:31:10,937 [main] INFO  (JsonTestDataHelper.java:29) - JsonTestDataHelper created
2023-10-22T16:31:10,948 [main] INFO  (JsonTestDataHelper.java:37) - filePath: resources/testdata/product/product.json
2023-10-22T16:31:11,014 [main] INFO  (JsonTestDataHelper.java:40) - geTestData: [Product{name='MacBook Pro', price='1100'}]
2023-10-22T16:31:13,961 [main] INFO  (BaseTest.java:52) - Navigate to https://www.demoblaze.com/
2023-10-22T16:31:25,830 [main] INFO  (BaseTest.java:82) - Closing the driver
2023-10-22T16:32:41,938 [main] INFO  (JsonTestDataHelper.java:29) - JsonTestDataHelper created
2023-10-22T16:32:41,950 [main] INFO  (JsonTestDataHelper.java:37) - filePath: resources/testdata/product/product.json
2023-10-22T16:32:42,019 [main] INFO  (JsonTestDataHelper.java:40) - geTestData: [Product{name='MacBook Pro', price='1100'}]
2023-10-22T16:32:45,137 [main] INFO  (BaseTest.java:52) - Navigate to https://www.demoblaze.com/
2023-10-22T16:32:49,881 [main] INFO  (BaseTest.java:82) - Closing the driver
2023-10-22T16:35:27,788 [main] INFO  (JsonTestDataHelper.java:29) - JsonTestDataHelper created
2023-10-22T16:35:27,797 [main] INFO  (JsonTestDataHelper.java:37) - filePath: resources/testdata/product/product.json
2023-10-22T16:35:27,865 [main] INFO  (JsonTestDataHelper.java:40) - geTestData: [Product{name='MacBook Pro', price='1100'}]
2023-10-22T16:35:30,875 [main] INFO  (BaseTest.java:52) - Navigate to https://www.demoblaze.com/
2023-10-22T16:35:36,030 [main] INFO  (BaseTest.java:82) - Closing the driver
2023-10-22T16:37:40,949 [main] INFO  (JsonTestDataHelper.java:29) - JsonTestDataHelper created
2023-10-22T16:37:40,961 [main] INFO  (JsonTestDataHelper.java:37) - filePath: resources/testdata/product/product.json
2023-10-22T16:37:41,026 [main] INFO  (JsonTestDataHelper.java:40) - geTestData: [Product{name='MacBook Pro', price='1100'}]
2023-10-22T16:37:43,982 [main] INFO  (BaseTest.java:52) - Navigate to https://www.demoblaze.com/
2023-10-22T16:37:49,552 [main] INFO  (BaseTest.java:82) - Closing the driver
2023-10-22T16:40:02,856 [main] INFO  (JsonTestDataHelper.java:29) - JsonTestDataHelper created
2023-10-22T16:40:02,864 [main] INFO  (JsonTestDataHelper.java:37) - filePath: resources/testdata/product/product.json
2023-10-22T16:40:02,921 [main] INFO  (JsonTestDataHelper.java:40) - geTestData: [Product{name='MacBook Pro', price='1100'}]
2023-10-22T16:40:05,967 [main] INFO  (BaseTest.java:52) - Navigate to https://www.demoblaze.com/
2023-10-22T16:40:11,804 [main] INFO  (BaseTest.java:82) - Closing the driver
2023-10-22T16:40:11,808 [main] INFO  (JsonTestDataHelper.java:37) - filePath: resources/testdata/form/form.json
2023-10-22T16:40:11,842 [main] INFO  (JsonTestDataHelper.java:40) - geTestData: [Form{name='Juan Sergio', country='Bolivia', city='La Paz', card='123456789', month='Mayo', year='2023'}]
2023-10-22T16:40:13,987 [main] INFO  (BaseTest.java:52) - Navigate to https://www.demoblaze.com/
2023-10-22T16:40:18,304 [main] INFO  (BaseTest.java:82) - Closing the driver
2023-10-22T16:41:42,967 [main] INFO  (JsonTestDataHelper.java:29) - JsonTestDataHelper created
2023-10-22T16:41:42,977 [main] INFO  (JsonTestDataHelper.java:37) - filePath: resources/testdata/product/product.json
2023-10-22T16:41:43,038 [main] INFO  (JsonTestDataHelper.java:40) - geTestData: [Product{name='MacBook Pro', price='1100'}]
2023-10-22T16:41:45,775 [main] INFO  (BaseTest.java:52) - Navigate to https://www.demoblaze.com/
2023-10-22T16:41:51,200 [main] INFO  (BaseTest.java:82) - Closing the driver
2023-10-22T16:41:51,203 [main] INFO  (JsonTestDataHelper.java:37) - filePath: resources/testdata/form/form.json
2023-10-22T16:41:51,228 [main] INFO  (JsonTestDataHelper.java:40) - geTestData: [Form{name='Juan Sergio', country='Bolivia', city='La Paz', card='123456789', month='Mayo', year='2023'}]
2023-10-22T16:41:53,353 [main] INFO  (BaseTest.java:52) - Navigate to https://www.demoblaze.com/
2023-10-22T16:41:57,828 [main] INFO  (BaseTest.java:82) - Closing the driver
2023-10-22T16:43:26,064 [main] INFO  (JsonTestDataHelper.java:29) - JsonTestDataHelper created
2023-10-22T16:43:26,073 [main] INFO  (JsonTestDataHelper.java:37) - filePath: resources/testdata/product/product.json
2023-10-22T16:43:26,130 [main] INFO  (JsonTestDataHelper.java:40) - geTestData: [Product{name='MacBook Pro', price='1100'}]
2023-10-22T16:43:46,846 [main] INFO  (JsonTestDataHelper.java:37) - filePath: resources/testdata/form/form.json
2023-10-22T16:43:46,886 [main] INFO  (JsonTestDataHelper.java:40) - geTestData: [Form{name='Juan Sergio', country='Bolivia', city='La Paz', card='123456789', month='Mayo', year='2023'}]
2023-10-22T16:44:07,929 [main] INFO  (JsonTestDataHelper.java:29) - JsonTestDataHelper created
2023-10-22T16:44:07,937 [main] INFO  (JsonTestDataHelper.java:37) - filePath: resources/testdata/product/product.json
2023-10-22T16:44:07,999 [main] INFO  (JsonTestDataHelper.java:40) - geTestData: [Product{name='MacBook Pro', price='1100'}]
2023-10-22T16:44:28,702 [main] INFO  (JsonTestDataHelper.java:37) - filePath: resources/testdata/form/form.json
2023-10-22T16:44:28,737 [main] INFO  (JsonTestDataHelper.java:40) - geTestData: [Form{name='Juan Sergio', country='Bolivia', city='La Paz', card='123456789', month='Mayo', year='2023'}]
2023-10-22T16:44:43,826 [main] INFO  (JsonTestDataHelper.java:29) - JsonTestDataHelper created
2023-10-22T16:44:43,842 [main] INFO  (JsonTestDataHelper.java:37) - filePath: resources/testdata/product/product.json
2023-10-22T16:44:43,910 [main] INFO  (JsonTestDataHelper.java:40) - geTestData: [Product{name='MacBook Pro', price='1100'}]
2023-10-22T16:44:46,898 [main] INFO  (BaseTest.java:52) - Navigate to https://www.demoblaze.com/
2023-10-22T16:44:52,834 [main] INFO  (BaseTest.java:82) - Closing the driver
2023-10-22T16:44:52,836 [main] INFO  (JsonTestDataHelper.java:37) - filePath: resources/testdata/form/form.json
2023-10-22T16:44:52,862 [main] INFO  (JsonTestDataHelper.java:40) - geTestData: [Form{name='Juan Sergio', country='Bolivia', city='La Paz', card='123456789', month='Mayo', year='2023'}]
2023-10-22T16:44:55,119 [main] INFO  (BaseTest.java:52) - Navigate to https://www.demoblaze.com/
2023-10-22T16:44:59,400 [main] INFO  (BaseTest.java:82) - Closing the driver
2023-10-22T16:46:59,953 [main] INFO  (JsonTestDataHelper.java:29) - JsonTestDataHelper created
2023-10-22T16:46:59,961 [main] INFO  (JsonTestDataHelper.java:37) - filePath: resources/testdata/product/product.json
2023-10-22T16:47:00,031 [main] INFO  (JsonTestDataHelper.java:40) - geTestData: [Product{name='MacBook Pro', price='1100'}]
2023-10-22T16:47:05,932 [main] INFO  (BaseTest.java:52) - Navigate to https://www.demoblaze.com/
2023-10-22T16:47:21,752 [main] INFO  (BaseTest.java:82) - Closing the driver
2023-10-22T16:47:21,755 [main] INFO  (JsonTestDataHelper.java:37) - filePath: resources/testdata/form/form.json
2023-10-22T16:47:21,786 [main] INFO  (JsonTestDataHelper.java:40) - geTestData: [Form{name='Juan Sergio', country='Bolivia', city='La Paz', card='123456789', month='Mayo', year='2023'}]
2023-10-22T16:47:26,845 [main] INFO  (BaseTest.java:52) - Navigate to https://www.demoblaze.com/
2023-10-22T16:47:32,100 [main] INFO  (BaseTest.java:82) - Closing the driver
2023-10-22T16:47:41,990 [main] INFO  (JsonTestDataHelper.java:29) - JsonTestDataHelper created
2023-10-22T16:47:41,999 [main] INFO  (JsonTestDataHelper.java:37) - filePath: resources/testdata/product/product.json
2023-10-22T16:47:42,063 [main] INFO  (JsonTestDataHelper.java:40) - geTestData: [Product{name='MacBook Pro', price='1100'}]
2023-10-22T16:47:47,631 [main] INFO  (BaseTest.java:52) - Navigate to https://www.demoblaze.com/
2023-10-22T16:48:02,631 [main] INFO  (BaseTest.java:82) - Closing the driver
2023-10-22T16:48:02,633 [main] INFO  (JsonTestDataHelper.java:37) - filePath: resources/testdata/form/form.json
2023-10-22T16:48:02,657 [main] INFO  (JsonTestDataHelper.java:40) - geTestData: [Form{name='Juan Sergio', country='Bolivia', city='La Paz', card='123456789', month='Mayo', year='2023'}]
2023-10-22T16:48:08,267 [main] INFO  (BaseTest.java:52) - Navigate to https://www.demoblaze.com/
2023-10-22T16:48:13,839 [main] INFO  (BaseTest.java:82) - Closing the driver
2023-10-22T16:48:46,923 [main] INFO  (JsonTestDataHelper.java:29) - JsonTestDataHelper created
2023-10-22T16:48:46,933 [main] INFO  (JsonTestDataHelper.java:37) - filePath: resources/testdata/product/product.json
2023-10-22T16:48:46,994 [main] INFO  (JsonTestDataHelper.java:40) - geTestData: [Product{name='MacBook Pro', price='1100'}]
2023-10-22T16:48:49,886 [main] INFO  (BaseTest.java:52) - Navigate to https://www.demoblaze.com/
2023-10-22T16:48:55,528 [main] INFO  (BaseTest.java:82) - Closing the driver
2023-10-22T16:48:55,533 [main] INFO  (JsonTestDataHelper.java:37) - filePath: resources/testdata/form/form.json
2023-10-22T16:48:55,557 [main] INFO  (JsonTestDataHelper.java:40) - geTestData: [Form{name='Juan Sergio', country='Bolivia', city='La Paz', card='123456789', month='Mayo', year='2023'}]
2023-10-22T16:48:57,701 [main] INFO  (BaseTest.java:52) - Navigate to https://www.demoblaze.com/
2023-10-22T16:49:02,341 [main] INFO  (BaseTest.java:82) - Closing the driver
2023-10-22T17:00:20,932 [main] INFO  (JsonTestDataHelper.java:29) - JsonTestDataHelper created
2023-10-22T17:00:20,944 [main] INFO  (JsonTestDataHelper.java:37) - filePath: resources/testdata/product/product.json
2023-10-22T17:00:21,004 [main] INFO  (JsonTestDataHelper.java:40) - geTestData: [Product{name='MacBook Pro', price='1100'}]
2023-10-22T17:00:23,791 [main] INFO  (BaseTest.java:52) - Navigate to https://www.demoblaze.com/
2023-10-22T17:00:27,958 [main] INFO  (BaseTest.java:82) - Closing the driver
2023-10-22T17:00:27,961 [main] INFO  (JsonTestDataHelper.java:37) - filePath: resources/testdata/form/form.json
2023-10-22T17:00:27,994 [main] INFO  (JsonTestDataHelper.java:40) - geTestData: [Form{name='Juan Sergio', country='Bolivia', city='La Paz', card='123456789', month='Mayo', year='2023'}]
2023-10-22T17:00:30,141 [main] INFO  (BaseTest.java:52) - Navigate to https://www.demoblaze.com/
2023-10-22T17:00:34,644 [main] INFO  (BaseTest.java:82) - Closing the driver
2023-10-22T17:00:54,060 [main] INFO  (JsonTestDataHelper.java:29) - JsonTestDataHelper created
2023-10-22T17:00:54,070 [main] INFO  (JsonTestDataHelper.java:37) - filePath: resources/testdata/product/product.json
2023-10-22T17:00:54,132 [main] INFO  (JsonTestDataHelper.java:40) - geTestData: [Product{name='MacBook Pro', price='1100'}]
2023-10-22T17:00:59,993 [main] INFO  (BaseTest.java:52) - Navigate to https://www.demoblaze.com/
2023-10-22T17:01:04,756 [main] INFO  (BaseTest.java:82) - Closing the driver
2023-10-22T17:01:04,759 [main] INFO  (JsonTestDataHelper.java:37) - filePath: resources/testdata/form/form.json
2023-10-22T17:01:04,791 [main] INFO  (JsonTestDataHelper.java:40) - geTestData: [Form{name='Juan Sergio', country='Bolivia', city='La Paz', card='123456789', month='Mayo', year='2023'}]
2023-10-22T17:01:09,976 [main] INFO  (BaseTest.java:52) - Navigate to https://www.demoblaze.com/
2023-10-22T17:01:15,297 [main] INFO  (BaseTest.java:82) - Closing the driver
2023-10-22T17:01:42,754 [main] INFO  (JsonTestDataHelper.java:29) - JsonTestDataHelper created
2023-10-22T17:01:42,762 [main] INFO  (JsonTestDataHelper.java:37) - filePath: resources/testdata/product/product.json
2023-10-22T17:01:42,822 [main] INFO  (JsonTestDataHelper.java:40) - geTestData: [Product{name='MacBook Pro', price='1100'}]
2023-10-22T17:01:45,695 [main] INFO  (BaseTest.java:52) - Navigate to https://www.demoblaze.com/
2023-10-22T17:01:51,246 [main] INFO  (BaseTest.java:82) - Closing the driver
2023-10-22T17:01:51,249 [main] INFO  (JsonTestDataHelper.java:37) - filePath: resources/testdata/form/form.json
2023-10-22T17:01:51,272 [main] INFO  (JsonTestDataHelper.java:40) - geTestData: [Form{name='Juan Sergio', country='Bolivia', city='La Paz', card='123456789', month='Mayo', year='2023'}]
2023-10-22T17:01:53,457 [main] INFO  (BaseTest.java:52) - Navigate to https://www.demoblaze.com/
2023-10-22T17:01:57,982 [main] INFO  (BaseTest.java:82) - Closing the driver
2023-10-22T17:02:08,919 [main] INFO  (JsonTestDataHelper.java:29) - JsonTestDataHelper created
2023-10-22T17:02:08,927 [main] INFO  (JsonTestDataHelper.java:37) - filePath: resources/testdata/product/product.json
2023-10-22T17:02:08,992 [main] INFO  (JsonTestDataHelper.java:40) - geTestData: [Product{name='MacBook Pro', price='1100'}]
2023-10-22T17:02:12,786 [main] INFO  (BaseTest.java:52) - Navigate to https://www.demoblaze.com/
2023-10-22T17:02:18,319 [main] INFO  (BaseTest.java:82) - Closing the driver
2023-10-22T17:02:18,322 [main] INFO  (JsonTestDataHelper.java:37) - filePath: resources/testdata/form/form.json
2023-10-22T17:02:18,344 [main] INFO  (JsonTestDataHelper.java:40) - geTestData: [Form{name='Juan Sergio', country='Bolivia', city='La Paz', card='123456789', month='Mayo', year='2023'}]
2023-10-22T17:02:20,482 [main] INFO  (BaseTest.java:52) - Navigate to https://www.demoblaze.com/
2023-10-22T17:02:24,773 [main] INFO  (BaseTest.java:82) - Closing the driver
